-----------------------------------------------------------
Profile:                     default
Extending:          [cached] /opt/ros/noetic
Workspace:                   /home/irobot/catkin_ws
-----------------------------------------------------------
Build Space:        [exists] /home/irobot/catkin_ws/build
Devel Space:        [exists] /home/irobot/catkin_ws/devel
Install Space:      [unused] /home/irobot/catkin_ws/install
Log Space:          [exists] /home/irobot/catkin_ws/logs
Source Space:       [exists] /home/irobot/catkin_ws/src
DESTDIR:            [unused] None
-----------------------------------------------------------
Devel Space Layout:          linked
Install Space Layout:        None
-----------------------------------------------------------
Additional CMake Args:       None
Additional Make Args:        None
Additional catkin Make Args: None
Internal Make Job Server:    True
Cache Job Environments:      False
-----------------------------------------------------------
Buildlisted Packages:        None
Skiplisted Packages:         None
-----------------------------------------------------------
Workspace configuration appears valid.
-----------------------------------------------------------
[build] Found 11 packages in 0.0 seconds.                                      
[build] Package table is up to date.                                           
Starting >>> azure_kinect_ros_driver                                           
Starting >>> behaviortree_cpp                                                  
Starting >>> darknet_ros_msgs                                                  
Starting >>> swot_gazebo                                                       
Starting >>> swot_slam                                                         
Starting >>> swot_tape_detection                                               
Starting >>> swot_teleop                                                       
[build 0.1 s] [0/11 complete] [7/64 jobs] [5 queued] [swot_tape_detection:l... [build 0.2 s] [0/11 complete] [13/64 jobs] [4 queued] [behaviortree_cpp:mak... Finished <<< swot_tape_detection                    [ 0.2 seconds ]            
Finished <<< behaviortree_cpp                       [ 0.3 seconds ]            
Finished <<< swot_gazebo                            [ 0.1 seconds ]            
[build 0.3 s] [3/11 complete] [4/64 jobs] [3 queued] [azure_kinect_ros_driv... [build 0.4 s] [3/11 complete] [4/64 jobs] [2 queued] [azure_kinect_ros_driv... Finished <<< azure_kinect_ros_driver                [ 0.2 seconds ]            
[build 0.5 s] [4/11 complete] [7/64 jobs] [0 queued] [darknet_ros_msgs:make... Finished <<< swot_teleop                            [ 0.1 seconds ]            
Finished <<< darknet_ros_msgs                       [ 0.2 seconds ]            
Starting >>> darknet_ros                                                       
Starting >>> swot_msgs                                                         
[build 0.6 s] [6/11 complete] [3/64 jobs] [1 queued] [darknet_ros:loadenv -... Finished <<< swot_slam                              [ 0.1 seconds ]            
[build 0.7 s] [7/11 complete] [2/64 jobs] [0 queued] [swot_msgs:loadenv - 0... [build 0.8 s] [7/11 complete] [11/64 jobs] [0 queued] [darknet_ros:make (0%... Finished <<< darknet_ros                            [ 0.3 seconds ]            
Finished <<< swot_msgs                              [ 0.2 seconds ]            
Starting >>> swot_pose_controller                                              
[build 0.9 s] [9/11 complete] [1/64 jobs] [0 queued] [swot_pose_controller:... [build 1.0 s] [9/11 complete] [1/64 jobs] [0 queued] [swot_pose_controller:... Finished <<< swot_pose_controller                   [ 0.2 seconds ]            
Starting >>> swot_navigation                                                   
[build 1.1 s] [10/11 complete] [1/64 jobs] [0 queued] [swot_navigation:load... [build 1.2 s] [10/11 complete] [48/64 jobs] [0 queued] [swot_navigation:mak... [build 1.3 s] [10/11 complete] [1/64 jobs] [0 queued] [swot_navigation:make... [build 1.4 s] [10/11 complete] [1/64 jobs] [0 queued] [swot_navigation:make... [build 1.5 s] [10/11 complete] [1/64 jobs] [0 queued] [swot_navigation:make... [build 1.6 s] [10/11 complete] [1/64 jobs] [0 queued] [swot_navigation:make... [build 1.7 s] [10/11 complete] [1/64 jobs] [0 queued] [swot_navigation:make... [build 1.8 s] [10/11 complete] [1/64 jobs] [0 queued] [swot_navigation:make... [build 1.9 s] [10/11 complete] [1/64 jobs] [0 queued] [swot_navigation:make... [build 2.0 s] [10/11 complete] [1/64 jobs] [0 queued] [swot_navigation:make... [build 2.1 s] [10/11 complete] [1/64 jobs] [0 queued] [swot_navigation:make... [build 2.2 s] [10/11 complete] [1/64 jobs] [0 queued] [swot_navigation:make... [build 2.3 s] [10/11 complete] [1/64 jobs] [0 queued] [swot_navigation:make... [build 2.4 s] [10/11 complete] [1/64 jobs] [0 queued] [swot_navigation:make... [build 2.5 s] [10/11 complete] [1/64 jobs] [0 queued] [swot_navigation:make... [build 2.6 s] [10/11 complete] [1/64 jobs] [0 queued] [swot_navigation:make... [build 2.8 s] [10/11 complete] [1/64 jobs] [0 queued] [swot_navigation:make... [build 2.9 s] [10/11 complete] [1/64 jobs] [0 queued] [swot_navigation:make... [build 3.0 s] [10/11 complete] [1/64 jobs] [0 queued] [swot_navigation:make... [build 3.1 s] [10/11 complete] [1/64 jobs] [0 queued] [swot_navigation:make... [build 3.2 s] [10/11 complete] [1/64 jobs] [0 queued] [swot_navigation:make... [build 3.3 s] [10/11 complete] [1/64 jobs] [0 queued] [swot_navigation:make... [build 3.4 s] [10/11 complete] [1/64 jobs] [0 queued] [swot_navigation:make... [build 3.5 s] [10/11 complete] [1/64 jobs] [0 queued] [swot_navigation:make... [build 3.6 s] [10/11 complete] [1/64 jobs] [0 queued] [swot_navigation:make... [build 3.7 s] [10/11 complete] [1/64 jobs] [0 queued] [swot_navigation:make... [build 3.8 s] [10/11 complete] [1/64 jobs] [0 queued] [swot_navigation:make... [build 3.9 s] [10/11 complete] [1/64 jobs] [0 queued] [swot_navigation:make... [build 4.0 s] [10/11 complete] [1/64 jobs] [0 queued] [swot_navigation:make... [build 4.1 s] [10/11 complete] [1/64 jobs] [0 queued] [swot_navigation:make... _______________________________________________________________________________
Errors << swot_navigation:make /home/irobot/catkin_ws/logs/swot_navigation/build.make.010.log
[01m[K/home/irobot/catkin_ws/src/swot/swot_navigation/src/swot_robocup_navigation.cpp:[m[K In lambda function:
[01m[K/home/irobot/catkin_ws/src/swot/swot_navigation/src/swot_robocup_navigation.cpp:121:124:[m[K [01;31m[Kerror: [m[Kâ€˜[01m[KNav_one[m[Kâ€™ was not declared in this scope
  121 |     BT::NodeBuilder builder_1 = [&](const std::string& name, const BT::NodeConfiguration& config) {return std::make_unique<[01;31m[KNav_one[m[K>(name,  std::ref(navigation));};
      |                                                                                                                            [01;31m[K^~~~~~~[m[K
[01m[K/home/irobot/catkin_ws/src/swot/swot_navigation/src/swot_robocup_navigation.cpp:121:160:[m[K [01;31m[Kerror: [m[Kno matching function for call to â€˜[01m[Kmake_unique<<expression error> >(const string&, std::reference_wrapper<Navigation>)[m[Kâ€™
  121 |     BT::NodeBuilder builder_1 = [&](const std::string& name, const BT::NodeConfiguration& config) {return std::make_unique<Nav_one>(name,  std::ref(navigation)[01;31m[K)[m[K;};
      |                                                                                                                                                                [01;31m[K^[m[K
In file included from [01m[K/usr/include/c++/9/bits/locale_conv.h:41[m[K,
                 from [01m[K/usr/include/c++/9/locale:43[m[K,
                 from [01m[K/usr/include/c++/9/iomanip:43[m[K,
                 from [01m[K/usr/include/boost/math/policies/error_handling.hpp:12[m[K,
                 from [01m[K/usr/include/boost/math/special_functions/round.hpp:14[m[K,
                 from [01m[K/opt/ros/noetic/include/ros/time.h:58[m[K,
                 from [01m[K/opt/ros/noetic/include/ros/ros.h:38[m[K,
                 from [01m[K/home/irobot/catkin_ws/src/swot/swot_navigation/include/swot_navigation/swot_robocup_navigation.h:10[m[K,
                 from [01m[K/home/irobot/catkin_ws/src/swot/swot_navigation/src/swot_robocup_navigation.cpp:8[m[K:
[01m[K/usr/include/c++/9/bits/unique_ptr.h:856:5:[m[K [01;36m[Knote: [m[Kcandidate: â€˜[01m[Ktemplate<class _Tp, class ... _Args> typename std::_MakeUniq<_Tp>::__single_object std::make_unique(_Args&& ...)[m[Kâ€™
  856 |     [01;36m[Kmake_unique[m[K(_Args&&... __args)
      |     [01;36m[K^~~~~~~~~~~[m[K
[01m[K/usr/include/c++/9/bits/unique_ptr.h:856:5:[m[K [01;36m[Knote: [m[K  template argument deduction/substitution failed:
[01m[K/home/irobot/catkin_ws/src/swot/swot_navigation/src/swot_robocup_navigation.cpp:121:160:[m[K [01;31m[Kerror: [m[Ktemplate argument 1 is invalid
  121 |     BT::NodeBuilder builder_1 = [&](const std::string& name, const BT::NodeConfiguration& config) {return std::make_unique<Nav_one>(name,  std::ref(navigation)[01;31m[K)[m[K;};
      |                                                                                                                                                                [01;31m[K^[m[K
In file included from [01m[K/usr/include/c++/9/bits/locale_conv.h:41[m[K,
                 from [01m[K/usr/include/c++/9/locale:43[m[K,
                 from [01m[K/usr/include/c++/9/iomanip:43[m[K,
                 from [01m[K/usr/include/boost/math/policies/error_handling.hpp:12[m[K,
                 from [01m[K/usr/include/boost/math/special_functions/round.hpp:14[m[K,
                 from [01m[K/opt/ros/noetic/include/ros/time.h:58[m[K,
                 from [01m[K/opt/ros/noetic/include/ros/ros.h:38[m[K,
                 from [01m[K/home/irobot/catkin_ws/src/swot/swot_navigation/include/swot_navigation/swot_robocup_navigation.h:10[m[K,
                 from [01m[K/home/irobot/catkin_ws/src/swot/swot_navigation/src/swot_robocup_navigation.cpp:8[m[K:
[01m[K/usr/include/c++/9/bits/unique_ptr.h:862:5:[m[K [01;36m[Knote: [m[Kcandidate: â€˜[01m[Ktemplate<class _Tp> typename std::_MakeUniq<_Tp>::__array std::make_unique(std::size_t)[m[Kâ€™
  862 |     [01;36m[Kmake_unique[m[K(size_t __num)
      |     [01;36m[K^~~~~~~~~~~[m[K
[01m[K/usr/include/c++/9/bits/unique_ptr.h:862:5:[m[K [01;36m[Knote: [m[K  template argument deduction/substitution failed:
[01m[K/home/irobot/catkin_ws/src/swot/swot_navigation/src/swot_robocup_navigation.cpp:121:160:[m[K [01;31m[Kerror: [m[Ktemplate argument 1 is invalid
  121 |     BT::NodeBuilder builder_1 = [&](const std::string& name, const BT::NodeConfiguration& config) {return std::make_unique<Nav_one>(name,  std::ref(navigation)[01;31m[K)[m[K;};
      |                                                                                                                                                                [01;31m[K^[m[K
In file included from [01m[K/usr/include/c++/9/bits/locale_conv.h:41[m[K,
                 from [01m[K/usr/include/c++/9/locale:43[m[K,
                 from [01m[K/usr/include/c++/9/iomanip:43[m[K,
                 from [01m[K/usr/include/boost/math/policies/error_handling.hpp:12[m[K,
                 from [01m[K/usr/include/boost/math/special_functions/round.hpp:14[m[K,
                 from [01m[K/opt/ros/noetic/include/ros/time.h:58[m[K,
                 from [01m[K/opt/ros/noetic/include/ros/ros.h:38[m[K,
                 from [01m[K/home/irobot/catkin_ws/src/swot/swot_navigation/include/swot_navigation/swot_robocup_navigation.h:10[m[K,
                 from [01m[K/home/irobot/catkin_ws/src/swot/swot_navigation/src/swot_robocup_navigation.cpp:8[m[K:
[01m[K/usr/include/c++/9/bits/unique_ptr.h:868:5:[m[K [01;36m[Knote: [m[Kcandidate: â€˜[01m[Ktemplate<class _Tp, class ... _Args> typename std::_MakeUniq<_Tp>::__invalid_type std::make_unique(_Args&& ...)[m[Kâ€™ <deleted>
  868 |     [01;36m[Kmake_unique[m[K(_Args&&...) = delete;
      |     [01;36m[K^~~~~~~~~~~[m[K
[01m[K/usr/include/c++/9/bits/unique_ptr.h:868:5:[m[K [01;36m[Knote: [m[K  template argument deduction/substitution failed:
[01m[K/home/irobot/catkin_ws/src/swot/swot_navigation/src/swot_robocup_navigation.cpp:121:160:[m[K [01;31m[Kerror: [m[Ktemplate argument 1 is invalid
  121 |     BT::NodeBuilder builder_1 = [&](const std::string& name, const BT::NodeConfiguration& config) {return std::make_unique<Nav_one>(name,  std::ref(navigation)[01;31m[K)[m[K;};
      |                                                                                                                                                                [01;31m[K^[m[K
[01m[K/home/irobot/catkin_ws/src/swot/swot_navigation/src/swot_robocup_navigation.cpp:[m[K In member function â€˜[01m[Kvoid Navigation::registerNodes(BT::BehaviorTreeFactory&, Navigation&)[m[Kâ€™:
[01m[K/home/irobot/catkin_ws/src/swot/swot_navigation/src/swot_robocup_navigation.cpp:121:162:[m[K [01;31m[Kerror: [m[Kconversion from â€˜[01m[KNavigation::registerNodes(BT::BehaviorTreeFactory&, Navigation&)::<lambda(const string&, const NodeConfiguration&)>[m[Kâ€™ to non-scalar type â€˜[01m[KBT::NodeBuilder[m[Kâ€™ {aka â€˜[01m[Kstd::function<std::unique_ptr<BT::TreeNode>(const std::__cxx11::basic_string<char>&, const BT::NodeConfig&)>[m[Kâ€™} requested
  121 |     BT::NodeBuilder builder_1 = [&](const std::string& name, const BT::NodeConfiguration& config) {return std::make_unique<Nav_one>(name,  std::ref(navigation));[01;31m[K}[m[K;
      |                                                                                                                                                                  [01;31m[K^[m[K
[01m[K/home/irobot/catkin_ws/src/swot/swot_navigation/src/swot_robocup_navigation.cpp:122:29:[m[K [01;31m[Kerror: [m[Kâ€˜[01m[KNav_one[m[Kâ€™ was not declared in this scope
  122 |     factory.registerBuilder<[01;31m[KNav_one[m[K>("Nav_one", builder_1);
      |                             [01;31m[K^~~~~~~[m[K
[01m[K/home/irobot/catkin_ws/src/swot/swot_navigation/src/swot_robocup_navigation.cpp:122:58:[m[K [01;31m[Kerror: [m[Kno matching function for call to â€˜[01m[KBT::BehaviorTreeFactory::registerBuilder<<expression error> >(const char [8], BT::NodeBuilder&)[m[Kâ€™
  122 |     factory.registerBuilder<Nav_one>("Nav_one", builder_1[01;31m[K)[m[K;
      |                                                          [01;31m[K^[m[K
In file included from [01m[K/home/irobot/catkin_ws/src/swot/swot_navigation/include/swot_navigation/swot_robocup_navigation.h:25[m[K,
                 from [01m[K/home/irobot/catkin_ws/src/swot/swot_navigation/src/swot_robocup_navigation.cpp:8[m[K:
[01m[K/home/irobot/catkin_ws/src/BehaviorTree.CPP/include/behaviortree_cpp/bt_factory.h:221:8:[m[K [01;36m[Knote: [m[Kcandidate: â€˜[01m[Ktemplate<class T> void BT::BehaviorTreeFactory::registerBuilder(const string&, const NodeBuilder&)[m[Kâ€™
  221 |   void [01;36m[KregisterBuilder[m[K(const std::string& ID, const NodeBuilder& builder)
      |        [01;36m[K^~~~~~~~~~~~~~~[m[K
[01m[K/home/irobot/catkin_ws/src/BehaviorTree.CPP/include/behaviortree_cpp/bt_factory.h:221:8:[m[K [01;36m[Knote: [m[K  template argument deduction/substitution failed:
[01m[K/home/irobot/catkin_ws/src/swot/swot_navigation/src/swot_robocup_navigation.cpp:122:58:[m[K [01;31m[Kerror: [m[Ktemplate argument 1 is invalid
  122 |     factory.registerBuilder<Nav_one>("Nav_one", builder_1[01;31m[K)[m[K;
      |                                                          [01;31m[K^[m[K
[01m[K/home/irobot/catkin_ws/src/swot/swot_navigation/src/swot_robocup_navigation.cpp:[m[K In lambda function:
[01m[K/home/irobot/catkin_ws/src/swot/swot_navigation/src/swot_robocup_navigation.cpp:124:124:[m[K [01;31m[Kerror: [m[Kâ€˜[01m[KNav_two[m[Kâ€™ was not declared in this scope
  124 |     BT::NodeBuilder builder_2 = [&](const std::string& name, const BT::NodeConfiguration& config) {return std::make_unique<[01;31m[KNav_two[m[K>(name, std::ref(navigation));};
      |                                                                                                                            [01;31m[K^~~~~~~[m[K
[01m[K/home/irobot/catkin_ws/src/swot/swot_navigation/src/swot_robocup_navigation.cpp:124:159:[m[K [01;31m[Kerror: [m[Kno matching function for call to â€˜[01m[Kmake_unique<<expression error> >(const string&, std::reference_wrapper<Navigation>)[m[Kâ€™
  124 |     BT::NodeBuilder builder_2 = [&](const std::string& name, const BT::NodeConfiguration& config) {return std::make_unique<Nav_two>(name, std::ref(navigation)[01;31m[K)[m[K;};
      |                                                                                                                                                               [01;31m[K^[m[K
In file included from [01m[K/usr/include/c++/9/bits/locale_conv.h:41[m[K,
                 from [01m[K/usr/include/c++/9/locale:43[m[K,
                 from [01m[K/usr/include/c++/9/iomanip:43[m[K,
                 from [01m[K/usr/include/boost/math/policies/error_handling.hpp:12[m[K,
                 from [01m[K/usr/include/boost/math/special_functions/round.hpp:14[m[K,
                 from [01m[K/opt/ros/noetic/include/ros/time.h:58[m[K,
                 from [01m[K/opt/ros/noetic/include/ros/ros.h:38[m[K,
                 from [01m[K/home/irobot/catkin_ws/src/swot/swot_navigation/include/swot_navigation/swot_robocup_navigation.h:10[m[K,
                 from [01m[K/home/irobot/catkin_ws/src/swot/swot_navigation/src/swot_robocup_navigation.cpp:8[m[K:
[01m[K/usr/include/c++/9/bits/unique_ptr.h:856:5:[m[K [01;36m[Knote: [m[Kcandidate: â€˜[01m[Ktemplate<class _Tp, class ... _Args> typename std::_MakeUniq<_Tp>::__single_object std::make_unique(_Args&& ...)[m[Kâ€™
  856 |     [01;36m[Kmake_unique[m[K(_Args&&... __args)
      |     [01;36m[K^~~~~~~~~~~[m[K
[01m[K/usr/include/c++/9/bits/unique_ptr.h:856:5:[m[K [01;36m[Knote: [m[K  template argument deduction/substitution failed:
[01m[K/home/irobot/catkin_ws/src/swot/swot_navigation/src/swot_robocup_navigation.cpp:124:159:[m[K [01;31m[Kerror: [m[Ktemplate argument 1 is invalid
  124 |     BT::NodeBuilder builder_2 = [&](const std::string& name, const BT::NodeConfiguration& config) {return std::make_unique<Nav_two>(name, std::ref(navigation)[01;31m[K)[m[K;};
      |                                                                                                                                                               [01;31m[K^[m[K
In file included from [01m[K/usr/include/c++/9/bits/locale_conv.h:41[m[K,
                 from [01m[K/usr/include/c++/9/locale:43[m[K,
                 from [01m[K/usr/include/c++/9/iomanip:43[m[K,
                 from [01m[K/usr/include/boost/math/policies/error_handling.hpp:12[m[K,
                 from [01m[K/usr/include/boost/math/special_functions/round.hpp:14[m[K,
                 from [01m[K/opt/ros/noetic/include/ros/time.h:58[m[K,
                 from [01m[K/opt/ros/noetic/include/ros/ros.h:38[m[K,
                 from [01m[K/home/irobot/catkin_ws/src/swot/swot_navigation/include/swot_navigation/swot_robocup_navigation.h:10[m[K,
                 from [01m[K/home/irobot/catkin_ws/src/swot/swot_navigation/src/swot_robocup_navigation.cpp:8[m[K:
[01m[K/usr/include/c++/9/bits/unique_ptr.h:862:5:[m[K [01;36m[Knote: [m[Kcandidate: â€˜[01m[Ktemplate<class _Tp> typename std::_MakeUniq<_Tp>::__array std::make_unique(std::size_t)[m[Kâ€™
  862 |     [01;36m[Kmake_unique[m[K(size_t __num)
      |     [01;36m[K^~~~~~~~~~~[m[K
[01m[K/usr/include/c++/9/bits/unique_ptr.h:862:5:[m[K [01;36m[Knote: [m[K  template argument deduction/substitution failed:
[01m[K/home/irobot/catkin_ws/src/swot/swot_navigation/src/swot_robocup_navigation.cpp:124:159:[m[K [01;31m[Kerror: [m[Ktemplate argument 1 is invalid
  124 |     BT::NodeBuilder builder_2 = [&](const std::string& name, const BT::NodeConfiguration& config) {return std::make_unique<Nav_two>(name, std::ref(navigation)[01;31m[K)[m[K;};
      |                                                                                                                                                               [01;31m[K^[m[K
In file included from [01m[K/usr/include/c++/9/bits/locale_conv.h:41[m[K,
                 from [01m[K/usr/include/c++/9/locale:43[m[K,
                 from [01m[K/usr/include/c++/9/iomanip:43[m[K,
                 from [01m[K/usr/include/boost/math/policies/error_handling.hpp:12[m[K,
                 from [01m[K/usr/include/boost/math/special_functions/round.hpp:14[m[K,
                 from [01m[K/opt/ros/noetic/include/ros/time.h:58[m[K,
                 from [01m[K/opt/ros/noetic/include/ros/ros.h:38[m[K,
                 from [01m[K/home/irobot/catkin_ws/src/swot/swot_navigation/include/swot_navigation/swot_robocup_navigation.h:10[m[K,
                 from [01m[K/home/irobot/catkin_ws/src/swot/swot_navigation/src/swot_robocup_navigation.cpp:8[m[K:
[01m[K/usr/include/c++/9/bits/unique_ptr.h:868:5:[m[K [01;36m[Knote: [m[Kcandidate: â€˜[01m[Ktemplate<class _Tp, class ... _Args> typename std::_MakeUniq<_Tp>::__invalid_type std::make_unique(_Args&& ...)[m[Kâ€™ <deleted>
  868 |     [01;36m[Kmake_unique[m[K(_Args&&...) = delete;
      |     [01;36m[K^~~~~~~~~~~[m[K
[01m[K/usr/include/c++/9/bits/unique_ptr.h:868:5:[m[K [01;36m[Knote: [m[K  template argument deduction/substitution failed:
[01m[K/home/irobot/catkin_ws/src/swot/swot_navigation/src/swot_robocup_navigation.cpp:124:159:[m[K [01;31m[Kerror: [m[Ktemplate argument 1 is invalid
  124 |     BT::NodeBuilder builder_2 = [&](const std::string& name, const BT::NodeConfiguration& config) {return std::make_unique<Nav_two>(name, std::ref(navigation)[01;31m[K)[m[K;};
      |                                                                                                                                                               [01;31m[K^[m[K
[01m[K/home/irobot/catkin_ws/src/swot/swot_navigation/src/swot_robocup_navigation.cpp:[m[K In member function â€˜[01m[Kvoid Navigation::registerNodes(BT::BehaviorTreeFactory&, Navigation&)[m[Kâ€™:
[01m[K/home/irobot/catkin_ws/src/swot/swot_navigation/src/swot_robocup_navigation.cpp:124:161:[m[K [01;31m[Kerror: [m[Kconversion from â€˜[01m[KNavigation::registerNodes(BT::BehaviorTreeFactory&, Navigation&)::<lambda(const string&, const NodeConfiguration&)>[m[Kâ€™ to non-scalar type â€˜[01m[KBT::NodeBuilder[m[Kâ€™ {aka â€˜[01m[Kstd::function<std::unique_ptr<BT::TreeNode>(const std::__cxx11::basic_string<char>&, const BT::NodeConfig&)>[m[Kâ€™} requested
  124 |     BT::NodeBuilder builder_2 = [&](const std::string& name, const BT::NodeConfiguration& config) {return std::make_unique<Nav_two>(name, std::ref(navigation));[01;31m[K}[m[K;
      |                                                                                                                                                                 [01;31m[K^[m[K
[01m[K/home/irobot/catkin_ws/src/swot/swot_navigation/src/swot_robocup_navigation.cpp:125:29:[m[K [01;31m[Kerror: [m[Kâ€˜[01m[KNav_two[m[Kâ€™ was not declared in this scope
  125 |     factory.registerBuilder<[01;31m[KNav_two[m[K>("Nav_two", builder_2);
      |                             [01;31m[K^~~~~~~[m[K
[01m[K/home/irobot/catkin_ws/src/swot/swot_navigation/src/swot_robocup_navigation.cpp:125:58:[m[K [01;31m[Kerror: [m[Kno matching function for call to â€˜[01m[KBT::BehaviorTreeFactory::registerBuilder<<expression error> >(const char [8], BT::NodeBuilder&)[m[Kâ€™
  125 |     factory.registerBuilder<Nav_two>("Nav_two", builder_2[01;31m[K)[m[K;
      |                                                          [01;31m[K^[m[K
In file included from [01m[K/home/irobot/catkin_ws/src/swot/swot_navigation/include/swot_navigation/swot_robocup_navigation.h:25[m[K,
                 from [01m[K/home/irobot/catkin_ws/src/swot/swot_navigation/src/swot_robocup_navigation.cpp:8[m[K:
[01m[K/home/irobot/catkin_ws/src/BehaviorTree.CPP/include/behaviortree_cpp/bt_factory.h:221:8:[m[K [01;36m[Knote: [m[Kcandidate: â€˜[01m[Ktemplate<class T> void BT::BehaviorTreeFactory::registerBuilder(const string&, const NodeBuilder&)[m[Kâ€™
  221 |   void [01;36m[KregisterBuilder[m[K(const std::string& ID, const NodeBuilder& builder)
      |        [01;36m[K^~~~~~~~~~~~~~~[m[K
[01m[K/home/irobot/catkin_ws/src/BehaviorTree.CPP/include/behaviortree_cpp/bt_factory.h:221:8:[m[K [01;36m[Knote: [m[K  template argument deduction/substitution failed:
[01m[K/home/irobot/catkin_ws/src/swot/swot_navigation/src/swot_robocup_navigation.cpp:125:58:[m[K [01;31m[Kerror: [m[Ktemplate argument 1 is invalid
  125 |     factory.registerBuilder<Nav_two>("Nav_two", builder_2[01;31m[K)[m[K;
      |                                                          [01;31m[K^[m[K
[01m[K/home/irobot/catkin_ws/src/swot/swot_navigation/src/swot_robocup_navigation.cpp:[m[K In lambda function:
[01m[K/home/irobot/catkin_ws/src/swot/swot_navigation/src/swot_robocup_navigation.cpp:127:124:[m[K [01;31m[Kerror: [m[Kâ€˜[01m[KNav_three[m[Kâ€™ was not declared in this scope
  127 |     BT::NodeBuilder builder_3 = [&](const std::string& name, const BT::NodeConfiguration& config) {return std::make_unique<[01;31m[KNav_three[m[K>(name,  std::ref(navigation));};
      |                                                                                                                            [01;31m[K^~~~~~~~~[m[K
[01m[K/home/irobot/catkin_ws/src/swot/swot_navigation/src/swot_robocup_navigation.cpp:127:162:[m[K [01;31m[Kerror: [m[Kno matching function for call to â€˜[01m[Kmake_unique<<expression error> >(const string&, std::reference_wrapper<Navigation>)[m[Kâ€™
  127 |     BT::NodeBuilder builder_3 = [&](const std::string& name, const BT::NodeConfiguration& config) {return std::make_unique<Nav_three>(name,  std::ref(navigation)[01;31m[K)[m[K;};
      |                                                                                                                                                                  [01;31m[K^[m[K
In file included from [01m[K/usr/include/c++/9/bits/locale_conv.h:41[m[K,
                 from [01m[K/usr/include/c++/9/locale:43[m[K,
                 from [01m[K/usr/include/c++/9/iomanip:43[m[K,
                 from [01m[K/usr/include/boost/math/policies/error_handling.hpp:12[m[K,
                 from [01m[K/usr/include/boost/math/special_functions/round.hpp:14[m[K,
                 from [01m[K/opt/ros/noetic/include/ros/time.h:58[m[K,
                 from [01m[K/opt/ros/noetic/include/ros/ros.h:38[m[K,
                 from [01m[K/home/irobot/catkin_ws/src/swot/swot_navigation/include/swot_navigation/swot_robocup_navigation.h:10[m[K,
                 from [01m[K/home/irobot/catkin_ws/src/swot/swot_navigation/src/swot_robocup_navigation.cpp:8[m[K:
[01m[K/usr/include/c++/9/bits/unique_ptr.h:856:5:[m[K [01;36m[Knote: [m[Kcandidate: â€˜[01m[Ktemplate<class _Tp, class ... _Args> typename std::_MakeUniq<_Tp>::__single_object std::make_unique(_Args&& ...)[m[Kâ€™
  856 |     [01;36m[Kmake_unique[m[K(_Args&&... __args)
      |     [01;36m[K^~~~~~~~~~~[m[K
[01m[K/usr/include/c++/9/bits/unique_ptr.h:856:5:[m[K [01;36m[Knote: [m[K  template argument deduction/substitution failed:
[01m[K/home/irobot/catkin_ws/src/swot/swot_navigation/src/swot_robocup_navigation.cpp:127:162:[m[K [01;31m[Kerror: [m[Ktemplate argument 1 is invalid
  127 |     BT::NodeBuilder builder_3 = [&](const std::string& name, const BT::NodeConfiguration& config) {return std::make_unique<Nav_three>(name,  std::ref(navigation)[01;31m[K)[m[K;};
      |                                                                                                                                                                  [01;31m[K^[m[K
In file included from [01m[K/usr/include/c++/9/bits/locale_conv.h:41[m[K,
                 from [01m[K/usr/include/c++/9/locale:43[m[K,
                 from [01m[K/usr/include/c++/9/iomanip:43[m[K,
                 from [01m[K/usr/include/boost/math/policies/error_handling.hpp:12[m[K,
                 from [01m[K/usr/include/boost/math/special_functions/round.hpp:14[m[K,
                 from [01m[K/opt/ros/noetic/include/ros/time.h:58[m[K,
                 from [01m[K/opt/ros/noetic/include/ros/ros.h:38[m[K,
                 from [01m[K/home/irobot/catkin_ws/src/swot/swot_navigation/include/swot_navigation/swot_robocup_navigation.h:10[m[K,
                 from [01m[K/home/irobot/catkin_ws/src/swot/swot_navigation/src/swot_robocup_navigation.cpp:8[m[K:
[01m[K/usr/include/c++/9/bits/unique_ptr.h:862:5:[m[K [01;36m[Knote: [m[Kcandidate: â€˜[01m[Ktemplate<class _Tp> typename std::_MakeUniq<_Tp>::__array std::make_unique(std::size_t)[m[Kâ€™
  862 |     [01;36m[Kmake_unique[m[K(size_t __num)
      |     [01;36m[K^~~~~~~~~~~[m[K
[01m[K/usr/include/c++/9/bits/unique_ptr.h:862:5:[m[K [01;36m[Knote: [m[K  template argument deduction/substitution failed:
[01m[K/home/irobot/catkin_ws/src/swot/swot_navigation/src/swot_robocup_navigation.cpp:127:162:[m[K [01;31m[Kerror: [m[Ktemplate argument 1 is invalid
  127 |     BT::NodeBuilder builder_3 = [&](const std::string& name, const BT::NodeConfiguration& config) {return std::make_unique<Nav_three>(name,  std::ref(navigation)[01;31m[K)[m[K;};
      |                                                                                                                                                                  [01;31m[K^[m[K
In file included from [01m[K/usr/include/c++/9/bits/locale_conv.h:41[m[K,
                 from [01m[K/usr/include/c++/9/locale:43[m[K,
                 from [01m[K/usr/include/c++/9/iomanip:43[m[K,
                 from [01m[K/usr/include/boost/math/policies/error_handling.hpp:12[m[K,
                 from [01m[K/usr/include/boost/math/special_functions/round.hpp:14[m[K,
                 from [01m[K/opt/ros/noetic/include/ros/time.h:58[m[K,
                 from [01m[K/opt/ros/noetic/include/ros/ros.h:38[m[K,
                 from [01m[K/home/irobot/catkin_ws/src/swot/swot_navigation/include/swot_navigation/swot_robocup_navigation.h:10[m[K,
                 from [01m[K/home/irobot/catkin_ws/src/swot/swot_navigation/src/swot_robocup_navigation.cpp:8[m[K:
[01m[K/usr/include/c++/9/bits/unique_ptr.h:868:5:[m[K [01;36m[Knote: [m[Kcandidate: â€˜[01m[Ktemplate<class _Tp, class ... _Args> typename std::_MakeUniq<_Tp>::__invalid_type std::make_unique(_Args&& ...)[m[Kâ€™ <deleted>
  868 |     [01;36m[Kmake_unique[m[K(_Args&&...) = delete;
      |     [01;36m[K^~~~~~~~~~~[m[K
[01m[K/usr/include/c++/9/bits/unique_ptr.h:868:5:[m[K [01;36m[Knote: [m[K  template argument deduction/substitution failed:
[01m[K/home/irobot/catkin_ws/src/swot/swot_navigation/src/swot_robocup_navigation.cpp:127:162:[m[K [01;31m[Kerror: [m[Ktemplate argument 1 is invalid
  127 |     BT::NodeBuilder builder_3 = [&](const std::string& name, const BT::NodeConfiguration& config) {return std::make_unique<Nav_three>(name,  std::ref(navigation)[01;31m[K)[m[K;};
      |                                                                                                                                                                  [01;31m[K^[m[K
[01m[K/home/irobot/catkin_ws/src/swot/swot_navigation/src/swot_robocup_navigation.cpp:[m[K In member function â€˜[01m[Kvoid Navigation::registerNodes(BT::BehaviorTreeFactory&, Navigation&)[m[Kâ€™:
[01m[K/home/irobot/catkin_ws/src/swot/swot_navigation/src/swot_robocup_navigation.cpp:127:164:[m[K [01;31m[Kerror: [m[Kconversion from â€˜[01m[KNavigation::registerNodes(BT::BehaviorTreeFactory&, Navigation&)::<lambda(const string&, const NodeConfiguration&)>[m[Kâ€™ to non-scalar type â€˜[01m[KBT::NodeBuilder[m[Kâ€™ {aka â€˜[01m[Kstd::function<std::unique_ptr<BT::TreeNode>(const std::__cxx11::basic_string<char>&, const BT::NodeConfig&)>[m[Kâ€™} requested
  127 |     BT::NodeBuilder builder_3 = [&](const std::string& name, const BT::NodeConfiguration& config) {return std::make_unique<Nav_three>(name,  std::ref(navigation));[01;31m[K}[m[K;
      |                                                                                                                                                                    [01;31m[K^[m[K
[01m[K/home/irobot/catkin_ws/src/swot/swot_navigation/src/swot_robocup_navigation.cpp:128:29:[m[K [01;31m[Kerror: [m[Kâ€˜[01m[KNav_three[m[Kâ€™ was not declared in this scope
  128 |     factory.registerBuilder<[01;31m[KNav_three[m[K>("Nav_three", builder_3);
      |                             [01;31m[K^~~~~~~~~[m[K
[01m[K/home/irobot/catkin_ws/src/swot/swot_navigation/src/swot_robocup_navigation.cpp:128:62:[m[K [01;31m[Kerror: [m[Kno matching function for call to â€˜[01m[KBT::BehaviorTreeFactory::registerBuilder<<expression error> >(const char [10], BT::NodeBuilder&)[m[Kâ€™
  128 |     factory.registerBuilder<Nav_three>("Nav_three", builder_3[01;31m[K)[m[K;
      |                                                              [01;31m[K^[m[K
In file included from [01m[K/home/irobot/catkin_ws/src/swot/swot_navigation/include/swot_navigation/swot_robocup_navigation.h:25[m[K,
                 from [01m[K/home/irobot/catkin_ws/src/swot/swot_navigation/src/swot_robocup_navigation.cpp:8[m[K:
[01m[K/home/irobot/catkin_ws/src/BehaviorTree.CPP/include/behaviortree_cpp/bt_factory.h:221:8:[m[K [01;36m[Knote: [m[Kcandidate: â€˜[01m[Ktemplate<class T> void BT::BehaviorTreeFactory::registerBuilder(const string&, const NodeBuilder&)[m[Kâ€™
  221 |   void [01;36m[KregisterBuilder[m[K(const std::string& ID, const NodeBuilder& builder)
      |        [01;36m[K^~~~~~~~~~~~~~~[m[K
[01m[K/home/irobot/catkin_ws/src/BehaviorTree.CPP/include/behaviortree_cpp/bt_factory.h:221:8:[m[K [01;36m[Knote: [m[K  template argument deduction/substitution failed:
[01m[K/home/irobot/catkin_ws/src/swot/swot_navigation/src/swot_robocup_navigation.cpp:128:62:[m[K [01;31m[Kerror: [m[Ktemplate argument 1 is invalid
  128 |     factory.registerBuilder<Nav_three>("Nav_three", builder_3[01;31m[K)[m[K;
      |                                                              [01;31m[K^[m[K
[01m[K/home/irobot/catkin_ws/src/swot/swot_navigation/src/swot_robocup_navigation.cpp:[m[K In lambda function:
[01m[K/home/irobot/catkin_ws/src/swot/swot_navigation/src/swot_robocup_navigation.cpp:130:124:[m[K [01;31m[Kerror: [m[Kâ€˜[01m[KNav_four[m[Kâ€™ was not declared in this scope
  130 |     BT::NodeBuilder builder_4 = [&](const std::string& name, const BT::NodeConfiguration& config) {return std::make_unique<[01;31m[KNav_four[m[K>(name,  std::ref(navigation));};
      |                                                                                                                            [01;31m[K^~~~~~~~[m[K
[01m[K/home/irobot/catkin_ws/src/swot/swot_navigation/src/swot_robocup_navigation.cpp:130:161:[m[K [01;31m[Kerror: [m[Kno matching function for call to â€˜[01m[Kmake_unique<<expression error> >(const string&, std::reference_wrapper<Navigation>)[m[Kâ€™
  130 |     BT::NodeBuilder builder_4 = [&](const std::string& name, const BT::NodeConfiguration& config) {return std::make_unique<Nav_four>(name,  std::ref(navigation)[01;31m[K)[m[K;};
      |                                                                                                                                                                 [01;31m[K^[m[K
In file included from [01m[K/usr/include/c++/9/bits/locale_conv.h:41[m[K,
                 from [01m[K/usr/include/c++/9/locale:43[m[K,
                 from [01m[K/usr/include/c++/9/iomanip:43[m[K,
                 from [01m[K/usr/include/boost/math/policies/error_handling.hpp:12[m[K,
                 from [01m[K/usr/include/boost/math/special_functions/round.hpp:14[m[K,
                 from [01m[K/opt/ros/noetic/include/ros/time.h:58[m[K,
                 from [01m[K/opt/ros/noetic/include/ros/ros.h:38[m[K,
                 from [01m[K/home/irobot/catkin_ws/src/swot/swot_navigation/include/swot_navigation/swot_robocup_navigation.h:10[m[K,
                 from [01m[K/home/irobot/catkin_ws/src/swot/swot_navigation/src/swot_robocup_navigation.cpp:8[m[K:
[01m[K/usr/include/c++/9/bits/unique_ptr.h:856:5:[m[K [01;36m[Knote: [m[Kcandidate: â€˜[01m[Ktemplate<class _Tp, class ... _Args> typename std::_MakeUniq<_Tp>::__single_object std::make_unique(_Args&& ...)[m[Kâ€™
  856 |     [01;36m[Kmake_unique[m[K(_Args&&... __args)
      |     [01;36m[K^~~~~~~~~~~[m[K
[01m[K/usr/include/c++/9/bits/unique_ptr.h:856:5:[m[K [01;36m[Knote: [m[K  template argument deduction/substitution failed:
[01m[K/home/irobot/catkin_ws/src/swot/swot_navigation/src/swot_robocup_navigation.cpp:130:161:[m[K [01;31m[Kerror: [m[Ktemplate argument 1 is invalid
  130 |     BT::NodeBuilder builder_4 = [&](const std::string& name, const BT::NodeConfiguration& config) {return std::make_unique<Nav_four>(name,  std::ref(navigation)[01;31m[K)[m[K;};
      |                                                                                                                                                                 [01;31m[K^[m[K
In file included from [01m[K/usr/include/c++/9/bits/locale_conv.h:41[m[K,
                 from [01m[K/usr/include/c++/9/locale:43[m[K,
                 from [01m[K/usr/include/c++/9/iomanip:43[m[K,
                 from [01m[K/usr/include/boost/math/policies/error_handling.hpp:12[m[K,
                 from [01m[K/usr/include/boost/math/special_functions/round.hpp:14[m[K,
                 from [01m[K/opt/ros/noetic/include/ros/time.h:58[m[K,
                 from [01m[K/opt/ros/noetic/include/ros/ros.h:38[m[K,
                 from [01m[K/home/irobot/catkin_ws/src/swot/swot_navigation/include/swot_navigation/swot_robocup_navigation.h:10[m[K,
                 from [01m[K/home/irobot/catkin_ws/src/swot/swot_navigation/src/swot_robocup_navigation.cpp:8[m[K:
[01m[K/usr/include/c++/9/bits/unique_ptr.h:862:5:[m[K [01;36m[Knote: [m[Kcandidate: â€˜[01m[Ktemplate<class _Tp> typename std::_MakeUniq<_Tp>::__array std::make_unique(std::size_t)[m[Kâ€™
  862 |     [01;36m[Kmake_unique[m[K(size_t __num)
      |     [01;36m[K^~~~~~~~~~~[m[K
[01m[K/usr/include/c++/9/bits/unique_ptr.h:862:5:[m[K [01;36m[Knote: [m[K  template argument deduction/substitution failed:
[01m[K/home/irobot/catkin_ws/src/swot/swot_navigation/src/swot_robocup_navigation.cpp:130:161:[m[K [01;31m[Kerror: [m[Ktemplate argument 1 is invalid
  130 |     BT::NodeBuilder builder_4 = [&](const std::string& name, const BT::NodeConfiguration& config) {return std::make_unique<Nav_four>(name,  std::ref(navigation)[01;31m[K)[m[K;};
      |                                                                                                                                                                 [01;31m[K^[m[K
In file included from [01m[K/usr/include/c++/9/bits/locale_conv.h:41[m[K,
                 from [01m[K/usr/include/c++/9/locale:43[m[K,
                 from [01m[K/usr/include/c++/9/iomanip:43[m[K,
                 from [01m[K/usr/include/boost/math/policies/error_handling.hpp:12[m[K,
                 from [01m[K/usr/include/boost/math/special_functions/round.hpp:14[m[K,
                 from [01m[K/opt/ros/noetic/include/ros/time.h:58[m[K,
                 from [01m[K/opt/ros/noetic/include/ros/ros.h:38[m[K,
                 from [01m[K/home/irobot/catkin_ws/src/swot/swot_navigation/include/swot_navigation/swot_robocup_navigation.h:10[m[K,
                 from [01m[K/home/irobot/catkin_ws/src/swot/swot_navigation/src/swot_robocup_navigation.cpp:8[m[K:
[01m[K/usr/include/c++/9/bits/unique_ptr.h:868:5:[m[K [01;36m[Knote: [m[Kcandidate: â€˜[01m[Ktemplate<class _Tp, class ... _Args> typename std::_MakeUniq<_Tp>::__invalid_type std::make_unique(_Args&& ...)[m[Kâ€™ <deleted>
  868 |     [01;36m[Kmake_unique[m[K(_Args&&...) = delete;
      |     [01;36m[K^~~~~~~~~~~[m[K
[01m[K/usr/include/c++/9/bits/unique_ptr.h:868:5:[m[K [01;36m[Knote: [m[K  template argument deduction/substitution failed:
[01m[K/home/irobot/catkin_ws/src/swot/swot_navigation/src/swot_robocup_navigation.cpp:130:161:[m[K [01;31m[Kerror: [m[Ktemplate argument 1 is invalid
  130 |     BT::NodeBuilder builder_4 = [&](const std::string& name, const BT::NodeConfiguration& config) {return std::make_unique<Nav_four>(name,  std::ref(navigation)[01;31m[K)[m[K;};
      |                                                                                                                                                                 [01;31m[K^[m[K
[01m[K/home/irobot/catkin_ws/src/swot/swot_navigation/src/swot_robocup_navigation.cpp:[m[K In member function â€˜[01m[Kvoid Navigation::registerNodes(BT::BehaviorTreeFactory&, Navigation&)[m[Kâ€™:
[01m[K/home/irobot/catkin_ws/src/swot/swot_navigation/src/swot_robocup_navigation.cpp:130:163:[m[K [01;31m[Kerror: [m[Kconversion from â€˜[01m[KNavigation::registerNodes(BT::BehaviorTreeFactory&, Navigation&)::<lambda(const string&, const NodeConfiguration&)>[m[Kâ€™ to non-scalar type â€˜[01m[KBT::NodeBuilder[m[Kâ€™ {aka â€˜[01m[Kstd::function<std::unique_ptr<BT::TreeNode>(const std::__cxx11::basic_string<char>&, const BT::NodeConfig&)>[m[Kâ€™} requested
  130 |     BT::NodeBuilder builder_4 = [&](const std::string& name, const BT::NodeConfiguration& config) {return std::make_unique<Nav_four>(name,  std::ref(navigation));[01;31m[K}[m[K;
      |                                                                                                                                                                   [01;31m[K^[m[K
[01m[K/home/irobot/catkin_ws/src/swot/swot_navigation/src/swot_robocup_navigation.cpp:131:29:[m[K [01;31m[Kerror: [m[Kâ€˜[01m[KNav_four[m[Kâ€™ was not declared in this scope
  131 |     factory.registerBuilder<[01;31m[KNav_four[m[K>("Nav_four", builder_4);
      |                             [01;31m[K^~~~~~~~[m[K
[01m[K/home/irobot/catkin_ws/src/swot/swot_navigation/src/swot_robocup_navigation.cpp:131:60:[m[K [01;31m[Kerror: [m[Kno matching function for call to â€˜[01m[KBT::BehaviorTreeFactory::registerBuilder<<expression error> >(const char [9], BT::NodeBuilder&)[m[Kâ€™
  131 |     factory.registerBuilder<Nav_four>("Nav_four", builder_4[01;31m[K)[m[K;
      |                                                            [01;31m[K^[m[K
In file included from [01m[K/home/irobot/catkin_ws/src/swot/swot_navigation/include/swot_navigation/swot_robocup_navigation.h:25[m[K,
                 from [01m[K/home/irobot/catkin_ws/src/swot/swot_navigation/src/swot_robocup_navigation.cpp:8[m[K:
[01m[K/home/irobot/catkin_ws/src/BehaviorTree.CPP/include/behaviortree_cpp/bt_factory.h:221:8:[m[K [01;36m[Knote: [m[Kcandidate: â€˜[01m[Ktemplate<class T> void BT::BehaviorTreeFactory::registerBuilder(const string&, const NodeBuilder&)[m[Kâ€™
  221 |   void [01;36m[KregisterBuilder[m[K(const std::string& ID, const NodeBuilder& builder)
      |        [01;36m[K^~~~~~~~~~~~~~~[m[K
[01m[K/home/irobot/catkin_ws/src/BehaviorTree.CPP/include/behaviortree_cpp/bt_factory.h:221:8:[m[K [01;36m[Knote: [m[K  template argument deduction/substitution failed:
[01m[K/home/irobot/catkin_ws/src/swot/swot_navigation/src/swot_robocup_navigation.cpp:131:60:[m[K [01;31m[Kerror: [m[Ktemplate argument 1 is invalid
  131 |     factory.registerBuilder<Nav_four>("Nav_four", builder_4[01;31m[K)[m[K;
      |                                                            [01;31m[K^[m[K
[01m[K/home/irobot/catkin_ws/src/swot/swot_navigation/src/swot_robocup_navigation.cpp:[m[K At global scope:
[01m[K/home/irobot/catkin_ws/src/swot/swot_navigation/src/swot_robocup_navigation.cpp:168:6:[m[K [01;31m[Kerror: [m[Kno declaration matches â€˜[01m[Kvoid Navigation::control_Posecontroller(const string&, bool)[m[Kâ€™
  168 | void [01;31m[KNavigation[m[K::control_Posecontroller(const std::string& workspace, bool pushback)
      |      [01;31m[K^~~~~~~~~~[m[K
[01m[K/home/irobot/catkin_ws/src/swot/swot_navigation/src/swot_robocup_navigation.cpp:168:6:[m[K [01;36m[Knote: [m[Kno functions named â€˜[01m[Kvoid Navigation::control_Posecontroller(const string&, bool)[m[Kâ€™
In file included from [01m[K/home/irobot/catkin_ws/src/swot/swot_navigation/src/swot_robocup_navigation.cpp:8[m[K:
[01m[K/home/irobot/catkin_ws/src/swot/swot_navigation/include/swot_navigation/swot_robocup_navigation.h:31:7:[m[K [01;36m[Knote: [m[Kâ€˜[01m[Kclass Navigation[m[Kâ€™ defined here
   31 | class [01;36m[KNavigation[m[K{
      |       [01;36m[K^~~~~~~~~~[m[K
[01m[K/home/irobot/catkin_ws/src/swot/swot_navigation/src/swot_robocup_navigation.cpp:[m[K In member function â€˜[01m[KClient Navigation::get_ac()[m[Kâ€™:
[01m[K/home/irobot/catkin_ws/src/swot/swot_navigation/src/swot_robocup_navigation.cpp:305:12:[m[K [01;31m[Kerror: [m[Kuse of deleted function â€˜[01m[Kactionlib::SimpleActionClient<move_base_msgs::MoveBaseAction_<std::allocator<void> > >::SimpleActionClient(actionlib::SimpleActionClient<move_base_msgs::MoveBaseAction_<std::allocator<void> > >&)[m[Kâ€™
  305 |     return [01;31m[Kac[m[K;
      |            [01;31m[K^~[m[K
In file included from [01m[K/home/irobot/catkin_ws/src/swot/swot_navigation/include/swot_navigation/swot_robocup_navigation.h:24[m[K,
                 from [01m[K/home/irobot/catkin_ws/src/swot/swot_navigation/src/swot_robocup_navigation.cpp:8[m[K:
[01m[K/opt/ros/noetic/include/actionlib/client/simple_action_client.h:72:7:[m[K [01;36m[Knote: [m[Kâ€˜[01m[Kactionlib::SimpleActionClient<move_base_msgs::MoveBaseAction_<std::allocator<void> > >::SimpleActionClient(actionlib::SimpleActionClient<move_base_msgs::MoveBaseAction_<std::allocator<void> > >&)[m[Kâ€™ is implicitly deleted because the default definition would be ill-formed:
   72 | class [01;36m[KSimpleActionClient[m[K
      |       [01;36m[K^~~~~~~~~~~~~~~~~~[m[K
[01m[K/opt/ros/noetic/include/actionlib/client/simple_action_client.h:72:7:[m[K [01;31m[Kerror: [m[Kuse of deleted function â€˜[01m[Kboost::condition_variable_any::condition_variable_any(const boost::condition_variable_any&)[m[Kâ€™
In file included from [01m[K/usr/include/boost/thread/detail/move.hpp:24[m[K,
                 from [01m[K/usr/include/boost/thread/lock_types.hpp:11[m[K,
                 from [01m[K/usr/include/boost/thread/pthread/mutex.hpp:16[m[K,
                 from [01m[K/usr/include/boost/thread/mutex.hpp:16[m[K,
                 from [01m[K/opt/ros/noetic/include/ros/publisher.h:36[m[K,
                 from [01m[K/opt/ros/noetic/include/ros/node_handle.h:32[m[K,
                 from [01m[K/opt/ros/noetic/include/ros/ros.h:45[m[K,
                 from [01m[K/home/irobot/catkin_ws/src/swot/swot_navigation/include/swot_navigation/swot_robocup_navigation.h:10[m[K,
                 from [01m[K/home/irobot/catkin_ws/src/swot/swot_navigation/src/swot_robocup_navigation.cpp:8[m[K:
[01m[K/usr/include/boost/thread/pthread/condition_variable.hpp:166:9:[m[K [01;36m[Knote: [m[Kdeclared here
  166 |         [01;36m[KBOOST_THREAD_NO_COPYABLE[m[K(condition_variable_any)
      |         [01;36m[K^~~~~~~~~~~~~~~~~~~~~~~~[m[K
In file included from [01m[K/home/irobot/catkin_ws/src/swot/swot_navigation/include/swot_navigation/swot_robocup_navigation.h:24[m[K,
                 from [01m[K/home/irobot/catkin_ws/src/swot/swot_navigation/src/swot_robocup_navigation.cpp:8[m[K:
[01m[K/opt/ros/noetic/include/actionlib/client/simple_action_client.h:72:7:[m[K [01;31m[Kerror: [m[Kuse of deleted function â€˜[01m[Kboost::mutex::mutex(const boost::mutex&)[m[Kâ€™
   72 | class [01;31m[KSimpleActionClient[m[K
      |       [01;31m[K^~~~~~~~~~~~~~~~~~[m[K
In file included from [01m[K/usr/include/boost/thread/detail/move.hpp:24[m[K,
                 from [01m[K/usr/include/boost/thread/lock_types.hpp:11[m[K,
                 from [01m[K/usr/include/boost/thread/pthread/mutex.hpp:16[m[K,
                 from [01m[K/usr/include/boost/thread/mutex.hpp:16[m[K,
                 from [01m[K/opt/ros/noetic/include/ros/publisher.h:36[m[K,
                 from [01m[K/opt/ros/noetic/include/ros/node_handle.h:32[m[K,
                 from [01m[K/opt/ros/noetic/include/ros/ros.h:45[m[K,
                 from [01m[K/home/irobot/catkin_ws/src/swot/swot_navigation/include/swot_navigation/swot_robocup_navigation.h:10[m[K,
                 from [01m[K/home/irobot/catkin_ws/src/swot/swot_navigation/src/swot_robocup_navigation.cpp:8[m[K:
[01m[K/usr/include/boost/thread/pthread/mutex.hpp:44:9:[m[K [01;36m[Knote: [m[Kdeclared here
   44 |         [01;36m[KBOOST_THREAD_NO_COPYABLE[m[K(mutex)
      |         [01;36m[K^~~~~~~~~~~~~~~~~~~~~~~~[m[K
In file included from [01m[K/home/irobot/catkin_ws/src/swot/swot_navigation/include/swot_navigation/swot_robocup_navigation.h:24[m[K,
                 from [01m[K/home/irobot/catkin_ws/src/swot/swot_navigation/src/swot_robocup_navigation.cpp:8[m[K:
[01m[K/opt/ros/noetic/include/actionlib/client/simple_action_client.h:72:7:[m[K [01;31m[Kerror: [m[Kuse of deleted function â€˜[01m[Kboost::mutex::mutex(const boost::mutex&)[m[Kâ€™
   72 | class [01;31m[KSimpleActionClient[m[K
      |       [01;31m[K^~~~~~~~~~~~~~~~~~[m[K
In file included from [01m[K/usr/include/boost/thread/detail/move.hpp:24[m[K,
                 from [01m[K/usr/include/boost/thread/lock_types.hpp:11[m[K,
                 from [01m[K/usr/include/boost/thread/pthread/mutex.hpp:16[m[K,
                 from [01m[K/usr/include/boost/thread/mutex.hpp:16[m[K,
                 from [01m[K/opt/ros/noetic/include/ros/publisher.h:36[m[K,
                 from [01m[K/opt/ros/noetic/include/ros/node_handle.h:32[m[K,
                 from [01m[K/opt/ros/noetic/include/ros/ros.h:45[m[K,
                 from [01m[K/home/irobot/catkin_ws/src/swot/swot_navigation/include/swot_navigation/swot_robocup_navigation.h:10[m[K,
                 from [01m[K/home/irobot/catkin_ws/src/swot/swot_navigation/src/swot_robocup_navigation.cpp:8[m[K:
[01m[K/usr/include/boost/thread/pthread/mutex.hpp:44:9:[m[K [01;36m[Knote: [m[Kdeclared here
   44 |         [01;36m[KBOOST_THREAD_NO_COPYABLE[m[K(mutex)
      |         [01;36m[K^~~~~~~~~~~~~~~~~~~~~~~~[m[K
In file included from [01m[K/home/irobot/catkin_ws/src/swot/swot_navigation/include/swot_navigation/swot_robocup_navigation.h:24[m[K,
                 from [01m[K/home/irobot/catkin_ws/src/swot/swot_navigation/src/swot_robocup_navigation.cpp:8[m[K:
[01m[K/opt/ros/noetic/include/actionlib/client/simple_action_client.h:72:7:[m[K [01;31m[Kerror: [m[Kuse of deleted function â€˜[01m[Kros::CallbackQueue::CallbackQueue(ros::CallbackQueue&)[m[Kâ€™
   72 | class [01;31m[KSimpleActionClient[m[K
      |       [01;31m[K^~~~~~~~~~~~~~~~~~[m[K
In file included from [01m[K/opt/ros/noetic/include/actionlib/client/simple_action_client.h:46[m[K,
                 from [01m[K/home/irobot/catkin_ws/src/swot/swot_navigation/include/swot_navigation/swot_robocup_navigation.h:24[m[K,
                 from [01m[K/home/irobot/catkin_ws/src/swot/swot_navigation/src/swot_robocup_navigation.cpp:8[m[K:
[01m[K/opt/ros/noetic/include/ros/callback_queue.h:57:19:[m[K [01;36m[Knote: [m[Kâ€˜[01m[Kros::CallbackQueue::CallbackQueue(ros::CallbackQueue&)[m[Kâ€™ is implicitly deleted because the default definition would be ill-formed:
   57 | class ROSCPP_DECL [01;36m[KCallbackQueue[m[K : public CallbackQueueInterface
      |                   [01;36m[K^~~~~~~~~~~~~[m[K
[01m[K/opt/ros/noetic/include/ros/callback_queue.h:57:19:[m[K [01;31m[Kerror: [m[Kuse of deleted function â€˜[01m[Kboost::mutex::mutex(const boost::mutex&)[m[Kâ€™
In file included from [01m[K/usr/include/boost/thread/detail/move.hpp:24[m[K,
                 from [01m[K/usr/include/boost/thread/lock_types.hpp:11[m[K,
                 from [01m[K/usr/include/boost/thread/pthread/mutex.hpp:16[m[K,
                 from [01m[K/usr/include/boost/thread/mutex.hpp:16[m[K,
                 from [01m[K/opt/ros/noetic/include/ros/publisher.h:36[m[K,
                 from [01m[K/opt/ros/noetic/include/ros/node_handle.h:32[m[K,
                 from [01m[K/opt/ros/noetic/include/ros/ros.h:45[m[K,
                 from [01m[K/home/irobot/catkin_ws/src/swot/swot_navigation/include/swot_navigation/swot_robocup_navigation.h:10[m[K,
                 from [01m[K/home/irobot/catkin_ws/src/swot/swot_navigation/src/swot_robocup_navigation.cpp:8[m[K:
[01m[K/usr/include/boost/thread/pthread/mutex.hpp:44:9:[m[K [01;36m[Knote: [m[Kdeclared here
   44 |         [01;36m[KBOOST_THREAD_NO_COPYABLE[m[K(mutex)
      |         [01;36m[K^~~~~~~~~~~~~~~~~~~~~~~~[m[K
In file included from [01m[K/opt/ros/noetic/include/actionlib/client/simple_action_client.h:46[m[K,
                 from [01m[K/home/irobot/catkin_ws/src/swot/swot_navigation/include/swot_navigation/swot_robocup_navigation.h:24[m[K,
                 from [01m[K/home/irobot/catkin_ws/src/swot/swot_navigation/src/swot_robocup_navigation.cpp:8[m[K:
[01m[K/opt/ros/noetic/include/ros/callback_queue.h:57:19:[m[K [01;31m[Kerror: [m[Kuse of deleted function â€˜[01m[Kboost::condition_variable::condition_variable(const boost::condition_variable&)[m[Kâ€™
   57 | class ROSCPP_DECL [01;31m[KCallbackQueue[m[K : public CallbackQueueInterface
      |                   [01;31m[K^~~~~~~~~~~~~[m[K
In file included from [01m[K/usr/include/boost/thread/detail/move.hpp:24[m[K,
                 from [01m[K/usr/include/boost/thread/lock_types.hpp:11[m[K,
                 from [01m[K/usr/include/boost/thread/pthread/mutex.hpp:16[m[K,
                 from [01m[K/usr/include/boost/thread/mutex.hpp:16[m[K,
                 from [01m[K/opt/ros/noetic/include/ros/publisher.h:36[m[K,
                 from [01m[K/opt/ros/noetic/include/ros/node_handle.h:32[m[K,
                 from [01m[K/opt/ros/noetic/include/ros/ros.h:45[m[K,
                 from [01m[K/home/irobot/catkin_ws/src/swot/swot_navigation/include/swot_navigation/swot_robocup_navigation.h:10[m[K,
                 from [01m[K/home/irobot/catkin_ws/src/swot/swot_navigation/src/swot_robocup_navigation.cpp:8[m[K:
[01m[K/usr/include/boost/thread/pthread/condition_variable_fwd.hpp:52:7:[m[K [01;36m[Knote: [m[Kdeclared here
   52 |       [01;36m[KBOOST_THREAD_NO_COPYABLE[m[K(condition_variable)
      |       [01;36m[K^~~~~~~~~~~~~~~~~~~~~~~~[m[K
In file included from [01m[K/opt/ros/noetic/include/actionlib/client/simple_action_client.h:46[m[K,
                 from [01m[K/home/irobot/catkin_ws/src/swot/swot_navigation/include/swot_navigation/swot_robocup_navigation.h:24[m[K,
                 from [01m[K/home/irobot/catkin_ws/src/swot/swot_navigation/src/swot_robocup_navigation.cpp:8[m[K:
[01m[K/opt/ros/noetic/include/ros/callback_queue.h:57:19:[m[K [01;31m[Kerror: [m[Kuse of deleted function â€˜[01m[Kboost::mutex::mutex(const boost::mutex&)[m[Kâ€™
   57 | class ROSCPP_DECL [01;31m[KCallbackQueue[m[K : public CallbackQueueInterface
      |                   [01;31m[K^~~~~~~~~~~~~[m[K
In file included from [01m[K/usr/include/boost/thread/detail/move.hpp:24[m[K,
                 from [01m[K/usr/include/boost/thread/lock_types.hpp:11[m[K,
                 from [01m[K/usr/include/boost/thread/pthread/mutex.hpp:16[m[K,
                 from [01m[K/usr/include/boost/thread/mutex.hpp:16[m[K,
                 from [01m[K/opt/ros/noetic/include/ros/publisher.h:36[m[K,
                 from [01m[K/opt/ros/noetic/include/ros/node_handle.h:32[m[K,
                 from [01m[K/opt/ros/noetic/include/ros/ros.h:45[m[K,
                 from [01m[K/home/irobot/catkin_ws/src/swot/swot_navigation/include/swot_navigation/swot_robocup_navigation.h:10[m[K,
                 from [01m[K/home/irobot/catkin_ws/src/swot/swot_navigation/src/swot_robocup_navigation.cpp:8[m[K:
[01m[K/usr/include/boost/thread/pthread/mutex.hpp:44:9:[m[K [01;36m[Knote: [m[Kdeclared here
   44 |         [01;36m[KBOOST_THREAD_NO_COPYABLE[m[K(mutex)
      |         [01;36m[K^~~~~~~~~~~~~~~~~~~~~~~~[m[K
In file included from [01m[K/opt/ros/noetic/include/actionlib/client/simple_action_client.h:46[m[K,
                 from [01m[K/home/irobot/catkin_ws/src/swot/swot_navigation/include/swot_navigation/swot_robocup_navigation.h:24[m[K,
                 from [01m[K/home/irobot/catkin_ws/src/swot/swot_navigation/src/swot_robocup_navigation.cpp:8[m[K:
[01m[K/opt/ros/noetic/include/ros/callback_queue.h:57:19:[m[K [01;31m[Kerror: [m[Kâ€˜[01m[Kboost::thread_specific_ptr<T>::thread_specific_ptr(boost::thread_specific_ptr<T>&) [with T = ros::CallbackQueue::TLS][m[Kâ€™ is private within this context
   57 | class ROSCPP_DECL [01;31m[KCallbackQueue[m[K : public CallbackQueueInterface
      |                   [01;31m[K^~~~~~~~~~~~~[m[K
In file included from [01m[K/opt/ros/noetic/include/ros/callback_queue.h:46[m[K,
                 from [01m[K/opt/ros/noetic/include/actionlib/client/simple_action_client.h:46[m[K,
                 from [01m[K/home/irobot/catkin_ws/src/swot/swot_navigation/include/swot_navigation/swot_robocup_navigation.h:24[m[K,
                 from [01m[K/home/irobot/catkin_ws/src/swot/swot_navigation/src/swot_robocup_navigation.cpp:8[m[K:
[01m[K/usr/include/boost/thread/tss.hpp:32:9:[m[K [01;36m[Knote: [m[Kdeclared private here
   32 |         [01;36m[Kthread_specific_ptr[m[K(thread_specific_ptr&);
      |         [01;36m[K^~~~~~~~~~~~~~~~~~~[m[K
In file included from [01m[K/home/irobot/catkin_ws/src/swot/swot_navigation/include/swot_navigation/swot_robocup_navigation.h:24[m[K,
                 from [01m[K/home/irobot/catkin_ws/src/swot/swot_navigation/src/swot_robocup_navigation.cpp:8[m[K:
[01m[K/opt/ros/noetic/include/actionlib/client/simple_action_client.h:72:7:[m[K [01;31m[Kerror: [m[Kâ€˜[01m[Kboost::scoped_ptr<T>::scoped_ptr(const boost::scoped_ptr<T>&) [with T = actionlib::ActionClient<move_base_msgs::MoveBaseAction_<std::allocator<void> > >][m[Kâ€™ is private within this context
   72 | class [01;31m[KSimpleActionClient[m[K
      |       [01;31m[K^~~~~~~~~~~~~~~~~~[m[K
In file included from [01m[K/usr/include/boost/scoped_ptr.hpp:13[m[K,
                 from [01m[K/opt/ros/noetic/include/actionlib/client/simple_action_client.h:40[m[K,
                 from [01m[K/home/irobot/catkin_ws/src/swot/swot_navigation/include/swot_navigation/swot_robocup_navigation.h:24[m[K,
                 from [01m[K/home/irobot/catkin_ws/src/swot/swot_navigation/src/swot_robocup_navigation.cpp:8[m[K:
[01m[K/usr/include/boost/smart_ptr/scoped_ptr.hpp:53:5:[m[K [01;36m[Knote: [m[Kdeclared private here
   53 |     [01;36m[Kscoped_ptr[m[K(scoped_ptr const &);
      |     [01;36m[K^~~~~~~~~~[m[K
make[2]: *** [CMakeFiles/swot_navigation_lib.dir/build.make:63: CMakeFiles/swot_navigation_lib.dir/src/swot_robocup_navigation.cpp.o] Error 1
make[1]: *** [CMakeFiles/Makefile2:264: CMakeFiles/swot_navigation_lib.dir/all] Error 2
make: *** [Makefile:141: all] Error 2
cd /home/irobot/catkin_ws/build/swot_navigation; catkin build --get-env swot_navigation | catkin env -si  /usr/bin/make --jobserver-auth=3,4; cd -

...............................................................................
Failed << swot_navigation:make                    [ Exited with code 2 ]       
Failed <<< swot_navigation                        [ 3.0 seconds ]              
[build] Summary: 10 of 11 packages succeeded.                                  
[build] Ignored: None.                                                         
[build] Warnings: None.                                                        
[build] Abandoned: No packages were abandoned.                                 
[build] Failed: 1 packages failed.                                             
[build] Runtime: 4.1 seconds total.                                            
